<?xml version="1.0" encoding="UTF-8"?>
<!-- Generated by org.testng.reporters.JUnitReportReporter -->
<testsuite hostname="CO-IT022604" failures="0" tests="1" name="tests.AppTest" time="0.003" errors="0" timestamp="25 Nov 2022 02:43:05 GMT" skipped="0">
  <testcase classname="tests.AppTest" name="getUser" time="0.003"/>
</testsuite> <!-- tests.AppTest -->
