<?xml version="1.0" encoding="UTF-8"?>
<!-- Generated by org.testng.reporters.JUnitReportReporter -->
<testsuite hostname="CO-IT022604" failures="0" tests="1" name="tests.EmptyEndPointTest" time="3.591" errors="0" timestamp="26 Nov 2022 23:30:47 GMT" skipped="0">
  <testcase classname="tests.EmptyEndPointTest" name="verifyEmptyEndpointTest" time="3.591"/>
</testsuite> <!-- tests.EmptyEndPointTest -->
