<?xml version="1.0" encoding="UTF-8"?>
<!-- Generated by org.testng.reporters.JUnitReportReporter -->
<testsuite hostname="CO-IT022604" failures="0" tests="1" name="tests.InitializePojoTest" time="0.000" errors="0" timestamp="26 Nov 2022 23:30:47 GMT" skipped="0">
  <testcase classname="tests.InitializePojoTest" name="initializeData" time="0.000"/>
</testsuite> <!-- tests.InitializePojoTest -->
